INFO         | Android emulator version 36.3.10.0 (build_id 14472402) (CL:N/A)
INFO         | Graphics backend: gfxstream
INFO         | Found systemPath /app/.android_sdk/system-images/android-34/google_apis/x86_64/
INFO         | Increasing RAM size to 2048MB
INFO         | Guest GLES Driver: Auto (ext controls)
WARNING      | Your GPU drivers may have a bug. Switching to software rendering.
library_mode swangle_indirect gpu mode swangle_indirect
INFO         | Checking system compatibility:
INFO         |   Checking: hasSufficientDiskSpace
INFO         |      Ok: Disk space requirements to run avd: `ci_emulator` are met
INFO         |   Checking: hasSufficientHwGpu
INFO         |      Ok: Hardware GPU compatibility checks are not required
INFO         |   Checking: hasSufficientSystem
INFO         |      Ok: System requirements to run avd: `ci_emulator` are met
WARNING      | File System is not ext4, disable QuickbootFileBacked feature
ERROR        | x86_64 emulation currently requires hardware acceleration!
CPU acceleration status: /dev/kvm is not found: VT disabled in BIOS or KVM kernel module not loaded
More info on configuring VM acceleration on Linux:
https://developer.android.com/studio/run/emulator-acceleration#vm-linux
General information on acceleration: https://developer.android.com/studio/run/emulator-acceleration.
